<?xml version="1.0" encoding="UTF-8"?>
<!-- Generated by org.testng.reporters.JUnitReportReporter -->
<testsuite hostname="LAPTOP-T7VFQUBL" failures="0" tests="1" name="Selenium.HowToScrollInSeleniumAndHandleMultipleWindows" time="26.299" errors="0" timestamp="2022-07-24T23:28:18 IST" skipped="0">
  <testcase classname="Selenium.HowToScrollInSeleniumAndHandleMultipleWindows" name="scrollToEnd" time="26.299"/>
  <system-out/>
</testsuite> <!-- Selenium.HowToScrollInSeleniumAndHandleMultipleWindows -->
