<?xml version="1.0" encoding="UTF-8"?>
<!-- Generated by org.testng.reporters.JUnitReportReporter -->
<testsuite hostname="LAPTOP-T7VFQUBL" failures="0" tests="1" name="Selenium.HowToscrollInSelenium" time="10.303" errors="0" timestamp="2022-07-23T22:09:38 IST" skipped="0">
  <testcase classname="Selenium.HowToscrollInSelenium" name="scrolltoend" time="10.303"/>
  <system-out/>
</testsuite> <!-- Selenium.HowToscrollInSelenium -->
